<?xml version="1.0" encoding="UTF-8"?>
<!-- Generated by org.testng.reporters.JUnitReportReporter -->
<testsuite hostname="M4L-FAC-SUNIL" name="scripts.NewTest" tests="1" failures="1" timestamp="21 Oct 2016 09:58:57 GMT" time="0.000" errors="0">
  <testcase name="f" time="0.000" classname="scripts.NewTest">
    <failure type="org.openqa.selenium.WebDriverException" message="Failed to connect to binary FirefoxBinary(C:\Program Files (x86)\Mozilla Firefox\firefox.exe) on port 7055; process output follows: 
webdriver-staging
1477043891366	addons.xpi	INFO	SystemAddonInstallLocation directory is missing
1477043891367	addons.xpi	INFO	Mapping {972ce4c6-7e08-4474-a285-3208198ce6fd} to C:\Program Files (x86)\Mozilla Firefox\browser\extensions\{972ce4c6-7e08-4474-a285-3208198ce6fd}
1477043891367	addons.xpi	DEBUG	Skipping unavailable install location app-system-share
1477043891368	addons.xpi	DEBUG	Skipping unavailable install location app-system-local
1477043891368	addons.xpi	DEBUG	checkForChanges
1477043891368	addons.xpi	DEBUG	Loaded add-on state from prefs: {&quot;app-profile&quot;:{&quot;fxdriver@googlecode.com&quot;:{&quot;d&quot;:&quot;C:\\Users\\sunilna\\AppData\\Local\\Temp\\anonymous8423244977244929365webdriver-profile\\extensions\\fxdriver@googlecode.com&quot;,&quot;e&quot;:false,&quot;v&quot;:&quot;2.33.0&quot;,&quot;st&quot;:1477043887005,&quot;mt&quot;:1477043886880}},&quot;app-global&quot;:{&quot;{972ce4c6-7e08-4474-a285-3208198ce6fd}&quot;:{&quot;d&quot;:&quot;C:\\Program Files (x86)\\Mozilla Firefox\\browser\\extensions\\{972ce4c6-7e08-4474-a285-3208198ce6fd}&quot;,&quot;e&quot;:true,&quot;v&quot;:&quot;44.0&quot;,&quot;st&quot;:1453317352497,&quot;mt&quot;:1452826424000}}}
1477043891369	addons.xpi	DEBUG	Existing add-on fxdriver@googlecode.com in app-profile
1477043891370	addons.xpi	DEBUG	getModTime: Recursive scan of {972ce4c6-7e08-4474-a285-3208198ce6fd}
1477043891370	addons.xpi	DEBUG	Existing add-on {972ce4c6-7e08-4474-a285-3208198ce6fd} in app-global
1477043891371	addons.xpi	DEBUG	getInstallState changed: false, state: {&quot;app-profile&quot;:{&quot;fxdriver@googlecode.com&quot;:{&quot;d&quot;:&quot;C:\\Users\\sunilna\\AppData\\Local\\Temp\\anonymous8423244977244929365webdriver-profile\\extensions\\fxdriver@googlecode.com&quot;,&quot;e&quot;:false,&quot;v&quot;:&quot;2.33.0&quot;,&quot;st&quot;:1477043887005,&quot;mt&quot;:1477043886880}},&quot;app-global&quot;:{&quot;{972ce4c6-7e08-4474-a285-3208198ce6fd}&quot;:{&quot;d&quot;:&quot;C:\\Program Files (x86)\\Mozilla Firefox\\browser\\extensions\\{972ce4c6-7e08-4474-a285-3208198ce6fd}&quot;,&quot;e&quot;:true,&quot;v&quot;:&quot;44.0&quot;,&quot;st&quot;:1453317352497,&quot;mt&quot;:1452826424000}}}
1477043891372	addons.xpi	DEBUG	No changes found
1477043891379	addons.manager	DEBUG	Registering shutdown blocker for XPIProvider
1477043891379	addons.manager	DEBUG	Provider finished startup: XPIProvider
1477043891379	addons.manager	DEBUG	Starting provider: LightweightThemeManager
1477043891379	addons.manager	DEBUG	Registering shutdown blocker for LightweightThemeManager
1477043891379	addons.manager	DEBUG	Provider finished startup: LightweightThemeManager
1477043891380	addons.manager	DEBUG	Starting provider: GMPProvider
1477043891384	addons.manager	DEBUG	Registering shutdown blocker for GMPProvider
1477043891384	addons.manager	DEBUG	Provider finished startup: GMPProvider
1477043891384	addons.manager	DEBUG	Starting provider: PluginProvider
1477043891384	addons.manager	DEBUG	Registering shutdown blocker for PluginProvider
1477043891385	addons.manager	DEBUG	Provider finished startup: PluginProvider
1477043891385	addons.manager	DEBUG	Completed startup sequence
1477043891451	addons.xpi-utils	DEBUG	Starting async load of XPI database C:\Users\sunilna\AppData\Local\Temp\anonymous8423244977244929365webdriver-profile\extensions.json
*** Blocklist::_loadBlocklistFromFile: blocklist is disabled
1477043891532	addons.manager	DEBUG	Starting provider: &lt;unnamed-provider&gt;
1477043891532	addons.manager	DEBUG	Registering shutdown blocker for &lt;unnamed-provider&gt;
1477043891532	addons.manager	DEBUG	Provider finished startup: &lt;unnamed-provider&gt;
1477043891601	addons.xpi-utils	DEBUG	Async JSON file read took 0 MS
1477043891601	addons.xpi-utils	DEBUG	Finished async read of XPI database, parsing...
1477043891602	addons.xpi-utils	DEBUG	Successfully read XPI database
1477043891665	addons.manager	DEBUG	Starting provider: PreviousExperimentProvider
1477043891665	addons.manager	DEBUG	Registering shutdown blocker for PreviousExperimentProvider
1477043891665	addons.manager	DEBUG	Provider finished startup: PreviousExperimentProvider
JavaScript warning: https://normandy.cdn.mozilla.net/static/bundles/selfrepair-910943d53dbd84b4c75a.a958f9d28733.js, line 7: mutating the [[Prototype]] of an object will cause your code to run very slowly; instead create the object with the correct initial [[Prototype]] value using Object.create

Build info: version: &#039;2.33.0&#039;, revision: &#039;4e90c97&#039;, time: &#039;2013-05-22 15:32:38&#039;
System info: os.name: &#039;Windows 8.1&#039;, os.arch: &#039;amd64&#039;, os.version: &#039;6.3&#039;, java.version: &#039;1.8.0_71&#039;
Driver info: driver.version: FirefoxDriver">
      <![CDATA[org.openqa.selenium.WebDriverException: Failed to connect to binary FirefoxBinary(C:\Program Files (x86)\Mozilla Firefox\firefox.exe) on port 7055; process output follows: 
webdriver-staging
1477043891366	addons.xpi	INFO	SystemAddonInstallLocation directory is missing
1477043891367	addons.xpi	INFO	Mapping {972ce4c6-7e08-4474-a285-3208198ce6fd} to C:\Program Files (x86)\Mozilla Firefox\browser\extensions\{972ce4c6-7e08-4474-a285-3208198ce6fd}
1477043891367	addons.xpi	DEBUG	Skipping unavailable install location app-system-share
1477043891368	addons.xpi	DEBUG	Skipping unavailable install location app-system-local
1477043891368	addons.xpi	DEBUG	checkForChanges
1477043891368	addons.xpi	DEBUG	Loaded add-on state from prefs: {"app-profile":{"fxdriver@googlecode.com":{"d":"C:\\Users\\sunilna\\AppData\\Local\\Temp\\anonymous8423244977244929365webdriver-profile\\extensions\\fxdriver@googlecode.com","e":false,"v":"2.33.0","st":1477043887005,"mt":1477043886880}},"app-global":{"{972ce4c6-7e08-4474-a285-3208198ce6fd}":{"d":"C:\\Program Files (x86)\\Mozilla Firefox\\browser\\extensions\\{972ce4c6-7e08-4474-a285-3208198ce6fd}","e":true,"v":"44.0","st":1453317352497,"mt":1452826424000}}}
1477043891369	addons.xpi	DEBUG	Existing add-on fxdriver@googlecode.com in app-profile
1477043891370	addons.xpi	DEBUG	getModTime: Recursive scan of {972ce4c6-7e08-4474-a285-3208198ce6fd}
1477043891370	addons.xpi	DEBUG	Existing add-on {972ce4c6-7e08-4474-a285-3208198ce6fd} in app-global
1477043891371	addons.xpi	DEBUG	getInstallState changed: false, state: {"app-profile":{"fxdriver@googlecode.com":{"d":"C:\\Users\\sunilna\\AppData\\Local\\Temp\\anonymous8423244977244929365webdriver-profile\\extensions\\fxdriver@googlecode.com","e":false,"v":"2.33.0","st":1477043887005,"mt":1477043886880}},"app-global":{"{972ce4c6-7e08-4474-a285-3208198ce6fd}":{"d":"C:\\Program Files (x86)\\Mozilla Firefox\\browser\\extensions\\{972ce4c6-7e08-4474-a285-3208198ce6fd}","e":true,"v":"44.0","st":1453317352497,"mt":1452826424000}}}
1477043891372	addons.xpi	DEBUG	No changes found
1477043891379	addons.manager	DEBUG	Registering shutdown blocker for XPIProvider
1477043891379	addons.manager	DEBUG	Provider finished startup: XPIProvider
1477043891379	addons.manager	DEBUG	Starting provider: LightweightThemeManager
1477043891379	addons.manager	DEBUG	Registering shutdown blocker for LightweightThemeManager
1477043891379	addons.manager	DEBUG	Provider finished startup: LightweightThemeManager
1477043891380	addons.manager	DEBUG	Starting provider: GMPProvider
1477043891384	addons.manager	DEBUG	Registering shutdown blocker for GMPProvider
1477043891384	addons.manager	DEBUG	Provider finished startup: GMPProvider
1477043891384	addons.manager	DEBUG	Starting provider: PluginProvider
1477043891384	addons.manager	DEBUG	Registering shutdown blocker for PluginProvider
1477043891385	addons.manager	DEBUG	Provider finished startup: PluginProvider
1477043891385	addons.manager	DEBUG	Completed startup sequence
1477043891451	addons.xpi-utils	DEBUG	Starting async load of XPI database C:\Users\sunilna\AppData\Local\Temp\anonymous8423244977244929365webdriver-profile\extensions.json
*** Blocklist::_loadBlocklistFromFile: blocklist is disabled
1477043891532	addons.manager	DEBUG	Starting provider: <unnamed-provider>
1477043891532	addons.manager	DEBUG	Registering shutdown blocker for <unnamed-provider>
1477043891532	addons.manager	DEBUG	Provider finished startup: <unnamed-provider>
1477043891601	addons.xpi-utils	DEBUG	Async JSON file read took 0 MS
1477043891601	addons.xpi-utils	DEBUG	Finished async read of XPI database, parsing...
1477043891602	addons.xpi-utils	DEBUG	Successfully read XPI database
1477043891665	addons.manager	DEBUG	Starting provider: PreviousExperimentProvider
1477043891665	addons.manager	DEBUG	Registering shutdown blocker for PreviousExperimentProvider
1477043891665	addons.manager	DEBUG	Provider finished startup: PreviousExperimentProvider
JavaScript warning: https://normandy.cdn.mozilla.net/static/bundles/selfrepair-910943d53dbd84b4c75a.a958f9d28733.js, line 7: mutating the [[Prototype]] of an object will cause your code to run very slowly; instead create the object with the correct initial [[Prototype]] value using Object.create

Build info: version: '2.33.0', revision: '4e90c97', time: '2013-05-22 15:32:38'
System info: os.name: 'Windows 8.1', os.arch: 'amd64', os.version: '6.3', java.version: '1.8.0_71'
Driver info: driver.version: FirefoxDriver
	at org.openqa.selenium.firefox.internal.NewProfileExtensionConnection.start(NewProfileExtensionConnection.java:118)
	at org.openqa.selenium.firefox.FirefoxDriver.startClient(FirefoxDriver.java:244)
	at org.openqa.selenium.remote.RemoteWebDriver.<init>(RemoteWebDriver.java:110)
	at org.openqa.selenium.firefox.FirefoxDriver.<init>(FirefoxDriver.java:190)
	at org.openqa.selenium.firefox.FirefoxDriver.<init>(FirefoxDriver.java:183)
	at org.openqa.selenium.firefox.FirefoxDriver.<init>(FirefoxDriver.java:179)
	at org.openqa.selenium.firefox.FirefoxDriver.<init>(FirefoxDriver.java:92)
	at scripts.NewTest.beforeTest(NewTest.java:23)
	at sun.reflect.NativeMethodAccessorImpl.invoke0(Native Method)
	at sun.reflect.NativeMethodAccessorImpl.invoke(Unknown Source)
	at sun.reflect.DelegatingMethodAccessorImpl.invoke(Unknown Source)
	at java.lang.reflect.Method.invoke(Unknown Source)
	at org.testng.internal.MethodInvocationHelper.invokeMethod(MethodInvocationHelper.java:80)
	at org.testng.internal.Invoker.invokeConfigurationMethod(Invoker.java:564)
	at org.testng.internal.Invoker.invokeConfigurations(Invoker.java:213)
	at org.testng.internal.Invoker.invokeConfigurations(Invoker.java:138)
	at org.testng.TestRunner.beforeRun(TestRunner.java:641)
	at org.testng.TestRunner.run(TestRunner.java:609)
	at org.testng.SuiteRunner.runTest(SuiteRunner.java:334)
	at org.testng.SuiteRunner.runSequentially(SuiteRunner.java:329)
	at org.testng.SuiteRunner.privateRun(SuiteRunner.java:291)
	at org.testng.SuiteRunner.run(SuiteRunner.java:240)
	at org.testng.SuiteRunnerWorker.runSuite(SuiteRunnerWorker.java:52)
	at org.testng.SuiteRunnerWorker.run(SuiteRunnerWorker.java:86)
	at org.testng.TestNG.runSuitesSequentially(TestNG.java:1198)
	at org.testng.TestNG.runSuitesLocally(TestNG.java:1123)
	at org.testng.TestNG.run(TestNG.java:1031)
	at org.testng.remote.AbstractRemoteTestNG.run(AbstractRemoteTestNG.java:126)
	at org.testng.remote.RemoteTestNG.initAndRun(RemoteTestNG.java:152)
	at org.testng.remote.RemoteTestNG.main(RemoteTestNG.java:57)
Caused by: org.openqa.selenium.firefox.NotConnectedException: Unable to connect to host 127.0.0.1 on port 7055 after 45000 ms. Firefox console output:
webdriver-staging
1477043891366	addons.xpi	INFO	SystemAddonInstallLocation directory is missing
1477043891367	addons.xpi	INFO	Mapping {972ce4c6-7e08-4474-a285-3208198ce6fd} to C:\Program Files (x86)\Mozilla Firefox\browser\extensions\{972ce4c6-7e08-4474-a285-3208198ce6fd}
1477043891367	addons.xpi	DEBUG	Skipping unavailable install location app-system-share
1477043891368	addons.xpi	DEBUG	Skipping unavailable install location app-system-local
1477043891368	addons.xpi	DEBUG	checkForChanges
1477043891368	addons.xpi	DEBUG	Loaded add-on state from prefs: {"app-profile":{"fxdriver@googlecode.com":{"d":"C:\\Users\\sunilna\\AppData\\Local\\Temp\\anonymous8423244977244929365webdriver-profile\\extensions\\fxdriver@googlecode.com","e":false,"v":"2.33.0","st":1477043887005,"mt":1477043886880}},"app-global":{"{972ce4c6-7e08-4474-a285-3208198ce6fd}":{"d":"C:\\Program Files (x86)\\Mozilla Firefox\\browser\\extensions\\{972ce4c6-7e08-4474-a285-3208198ce6fd}","e":true,"v":"44.0","st":1453317352497,"mt":1452826424000}}}
1477043891369	addons.xpi	DEBUG	Existing add-on fxdriver@googlecode.com in app-profile
1477043891370	addons.xpi	DEBUG	getModTime: Recursive scan of {972ce4c6-7e08-4474-a285-3208198ce6fd}
1477043891370	addons.xpi	DEBUG	Existing add-on {972ce4c6-7e08-4474-a285-3208198ce6fd} in app-global
1477043891371	addons.xpi	DEBUG	getInstallState changed: false, state: {"app-profile":{"fxdriver@googlecode.com":{"d":"C:\\Users\\sunilna\\AppData\\Local\\Temp\\anonymous8423244977244929365webdriver-profile\\extensions\\fxdriver@googlecode.com","e":false,"v":"2.33.0","st":1477043887005,"mt":1477043886880}},"app-global":{"{972ce4c6-7e08-4474-a285-3208198ce6fd}":{"d":"C:\\Program Files (x86)\\Mozilla Firefox\\browser\\extensions\\{972ce4c6-7e08-4474-a285-3208198ce6fd}","e":true,"v":"44.0","st":1453317352497,"mt":1452826424000}}}
1477043891372	addons.xpi	DEBUG	No changes found
1477043891379	addons.manager	DEBUG	Registering shutdown blocker for XPIProvider
1477043891379	addons.manager	DEBUG	Provider finished startup: XPIProvider
1477043891379	addons.manager	DEBUG	Starting provider: LightweightThemeManager
1477043891379	addons.manager	DEBUG	Registering shutdown blocker for LightweightThemeManager
1477043891379	addons.manager	DEBUG	Provider finished startup: LightweightThemeManager
1477043891380	addons.manager	DEBUG	Starting provider: GMPProvider
1477043891384	addons.manager	DEBUG	Registering shutdown blocker for GMPProvider
1477043891384	addons.manager	DEBUG	Provider finished startup: GMPProvider
1477043891384	addons.manager	DEBUG	Starting provider: PluginProvider
1477043891384	addons.manager	DEBUG	Registering shutdown blocker for PluginProvider
1477043891385	addons.manager	DEBUG	Provider finished startup: PluginProvider
1477043891385	addons.manager	DEBUG	Completed startup sequence
1477043891451	addons.xpi-utils	DEBUG	Starting async load of XPI database C:\Users\sunilna\AppData\Local\Temp\anonymous8423244977244929365webdriver-profile\extensions.json
*** Blocklist::_loadBlocklistFromFile: blocklist is disabled
1477043891532	addons.manager	DEBUG	Starting provider: <unnamed-provider>
1477043891532	addons.manager	DEBUG	Registering shutdown blocker for <unnamed-provider>
1477043891532	addons.manager	DEBUG	Provider finished startup: <unnamed-provider>
1477043891601	addons.xpi-utils	DEBUG	Async JSON file read took 0 MS
1477043891601	addons.xpi-utils	DEBUG	Finished async read of XPI database, parsing...
1477043891602	addons.xpi-utils	DEBUG	Successfully read XPI database
1477043891665	addons.manager	DEBUG	Starting provider: PreviousExperimentProvider
1477043891665	addons.manager	DEBUG	Registering shutdown blocker for PreviousExperimentProvider
1477043891665	addons.manager	DEBUG	Provider finished startup: PreviousExperimentProvider
JavaScript warning: https://normandy.cdn.mozilla.net/static/bundles/selfrepair-910943d53dbd84b4c75a.a958f9d28733.js, line 7: mutating the [[Prototype]] of an object will cause your code to run very slowly; instead create the object with the correct initial [[Prototype]] value using Object.create

	at org.openqa.selenium.firefox.internal.NewProfileExtensionConnection.start(NewProfileExtensionConnection.java:106)
	... 29 more
]]>
    </failure>
  </testcase> <!-- f -->
</testsuite> <!-- scripts.NewTest -->
