<?xml version="1.0" encoding="UTF-8"?>
<!-- Generated by org.testng.reporters.JUnitReportReporter -->
<testsuite hostname="MAIT-FAC-SUNIL" name="scripts.DDT" tests="2" failures="0" timestamp="11 Sep 2016 18:48:25 GMT" time="11.420" errors="0">
  <testcase name="f" time="5.786" classname="scripts.DDT"/>
  <testcase name="f" time="5.634" classname="scripts.DDT"/>
</testsuite> <!-- scripts.DDT -->
