<?xml version="1.0" encoding="UTF-8"?>
<!-- Generated by org.testng.reporters.JUnitReportReporter -->
<testsuite hostname="M4L-FAC-SUNIL" name="scripts.TestNG_annotations" tests="1" failures="0" timestamp="10 Mar 2017 10:49:07 GMT" time="0.148" errors="0">
  <testcase name="f" time="0.148" classname="scripts.TestNG_annotations"/>
</testsuite> <!-- scripts.TestNG_annotations -->
