<?xml version="1.0" encoding="UTF-8"?>
<!-- Generated by org.testng.reporters.JUnitReportReporter -->
<testsuite hostname="M4L-FAC-SUNIL" name="scripts.Dataprovder_usingTestNG" tests="2" failures="0" timestamp="4 Nov 2017 04:17:28 GMT" time="24.747" errors="0">
  <testcase name="f" time="11.098" classname="scripts.Dataprovder_usingTestNG"/>
  <testcase name="f" time="13.649" classname="scripts.Dataprovder_usingTestNG"/>
</testsuite> <!-- scripts.Dataprovder_usingTestNG -->
